<?xml version="1.0" encoding="UTF-8"?>
<testng-results ignored="0" total="1" passed="1" failed="0" skipped="0">
  <reporter-output>
  </reporter-output>
  <suite started-at="2022-10-25T11:34:07 PDT" name="Default suite" finished-at="2022-10-25T11:36:27 PDT" duration-ms="140022">
    <groups>
    </groups>
    <test started-at="2022-10-25T11:34:07 PDT" name="Default test" finished-at="2022-10-25T11:36:27 PDT" duration-ms="140022">
      <class name="e2eTestingPWC_AID.e2eCodePWCAddtl">
        <test-method signature="runBlazeMeterEnhanced()[pri:0, instance:e2eTestingPWC_AID.e2eCodePWCAddtl@647e447]" started-at="2022-10-25T11:34:07 PDT" name="runBlazeMeterEnhanced" finished-at="2022-10-25T11:36:27 PDT" duration-ms="139996" status="PASS">
          <reporter-output>
          </reporter-output>
        </test-method> <!-- runBlazeMeterEnhanced -->
      </class> <!-- e2eTestingPWC_AID.e2eCodePWCAddtl -->
    </test> <!-- Default test -->
  </suite> <!-- Default suite -->
</testng-results>
